#
# There is insufficient memory for the Java Runtime Environment to continue.
# Native memory allocation (malloc) failed to allocate 334176 bytes for Chunk::new
# Possible reasons:
#   The system is out of physical RAM or swap space
#   The process is running with CompressedOops enabled, and the Java Heap may be blocking the growth of the native heap
# Possible solutions:
#   Reduce memory load on the system
#   Increase physical memory or swap space
#   Check if swap backing store is full
#   Decrease Java heap size (-Xmx/-Xms)
#   Decrease number of Java threads
#   Decrease Java thread stack sizes (-Xss)
#   Set larger code cache with -XX:ReservedCodeCacheSize=
#   JVM is running with Unscaled Compressed Oops mode in which the Java heap is
#     placed in the first 4GB address space. The Java Heap base address is the
#     maximum limit for the native heap growth. Please use -XX:HeapBaseMinAddress
#     to set the Java Heap base and to place the Java Heap above 4GB virtual address.
# This output file may be truncated or incomplete.
#
#  Out of Memory Error (arena.cpp:189), pid=1788, tid=8060
#
# JRE version: OpenJDK Runtime Environment JBR-17.0.4.1+7-469.62-jcef (17.0.4.1+7) (build 17.0.4.1+7-b469.62)
# Java VM: OpenJDK 64-Bit Server VM JBR-17.0.4.1+7-469.62-jcef (17.0.4.1+7-b469.62, mixed mode, tiered, compressed oops, compressed class ptrs, g1 gc, windows-amd64)
# No core dump will be written. Minidumps are not enabled by default on client versions of Windows
#

---------------  S U M M A R Y ------------

Command Line: git4idea.http.GitAskPassApp Username for 'https://github.com': 

Host: Intel(R) Core(TM) i5-4570 CPU @ 3.20GHz, 4 cores, 7G,  Windows 11 , 64 bit Build 22000 (10.0.22000.434)
Time: Fri Oct 21 11:15:03 2022 Hora de verano central (México) elapsed time: 0.176572 seconds (0d 0h 0m 0s)

---------------  T H R E A D  ---------------

Current thread (0x0000016e439dc8e0):  JavaThread "C2 CompilerThread0" daemon [_thread_in_native, id=8060, stack(0x0000005d56c00000,0x0000005d56d00000)]


Current CompileTask:
C2:    176  112 %     4       java.util.zip.ZipFile$Source::initCEN @ 240 (591 bytes)

Stack: [0x0000005d56c00000,0x0000005d56d00000]
Native frames: (J=compiled Java code, j=interpreted, Vv=VM code, C=native code)
V  [jvm.dll+0x68356a]
V  [jvm.dll+0x83fab4]
V  [jvm.dll+0x84125e]
V  [jvm.dll+0x8418c3]
V  [jvm.dll+0x249735]
V  [jvm.dll+0xabd5c]
V  [jvm.dll+0xac32c]
V  [jvm.dll+0x2b096f]
V  [jvm.dll+0x589bb7]
V  [jvm.dll+0x223fe2]
V  [jvm.dll+0x2243bf]
V  [jvm.dll+0x21dc95]
V  [jvm.dll+0x21b15b]
V  [jvm.dll+0x1a4dfd]
V  [jvm.dll+0x22acd8]
V  [jvm.dll+0x228d89]
V  [jvm.dll+0x7f53ac]
V  [jvm.dll+0x7ef8da]
V  [jvm.dll+0x6823a5]
C  [ucrtbase.dll+0x26c0c]
C  [KERNEL32.DLL+0x154e0]
C  [ntdll.dll+0x485b]


---------------  P R O C E S S  ---------------

Threads class SMR info:
_java_thread_list=0x0000016e4459d8c0, length=12, elements={
0x0000016e2a210d50, 0x0000016e439c6260, 0x0000016e439c70d0, 0x0000016e439da220,
0x0000016e439dabd0, 0x0000016e439db580, 0x0000016e439dbf30, 0x0000016e439dc8e0,
0x0000016e4443da90, 0x0000016e44448b70, 0x0000016e445bcc30, 0x0000016e445c53b0
}

Java Threads: ( => current thread )
  0x0000016e2a210d50 JavaThread "main" [_thread_in_vm, id=5656, stack(0x0000005d55f00000,0x0000005d56000000)]
  0x0000016e439c6260 JavaThread "Reference Handler" daemon [_thread_blocked, id=9336, stack(0x0000005d56600000,0x0000005d56700000)]
  0x0000016e439c70d0 JavaThread "Finalizer" daemon [_thread_blocked, id=3632, stack(0x0000005d56700000,0x0000005d56800000)]
  0x0000016e439da220 JavaThread "Signal Dispatcher" daemon [_thread_blocked, id=6372, stack(0x0000005d56800000,0x0000005d56900000)]
  0x0000016e439dabd0 JavaThread "Attach Listener" daemon [_thread_blocked, id=7224, stack(0x0000005d56900000,0x0000005d56a00000)]
  0x0000016e439db580 JavaThread "Service Thread" daemon [_thread_blocked, id=5632, stack(0x0000005d56a00000,0x0000005d56b00000)]
  0x0000016e439dbf30 JavaThread "Monitor Deflation Thread" daemon [_thread_blocked, id=1888, stack(0x0000005d56b00000,0x0000005d56c00000)]
=>0x0000016e439dc8e0 JavaThread "C2 CompilerThread0" daemon [_thread_in_native, id=8060, stack(0x0000005d56c00000,0x0000005d56d00000)]
  0x0000016e4443da90 JavaThread "C1 CompilerThread0" daemon [_thread_blocked, id=3700, stack(0x0000005d56d00000,0x0000005d56e00000)]
  0x0000016e44448b70 JavaThread "Sweeper thread" daemon [_thread_blocked, id=9912, stack(0x0000005d56e00000,0x0000005d56f00000)]
  0x0000016e445bcc30 JavaThread "Notification Thread" daemon [_thread_blocked, id=10152, stack(0x0000005d56f00000,0x0000005d57000000)]
  0x0000016e445c53b0 JavaThread "Common-Cleaner" daemon [_thread_blocked, id=3584, stack(0x0000005d57100000,0x0000005d57200000)]

Other Threads:
  0x0000016e4394a710 VMThread "VM Thread" [stack: 0x0000005d56500000,0x0000005d56600000] [id=5096]
  0x0000016e445bd100 WatcherThread [stack: 0x0000005d57000000,0x0000005d57100000] [id=9512]
  0x0000016e2a26c5d0 GCTaskThread "GC Thread#0" [stack: 0x0000005d56000000,0x0000005d56100000] [id=7800]
  0x0000016e2a27e220 ConcurrentGCThread "G1 Main Marker" [stack: 0x0000005d56100000,0x0000005d56200000] [id=7876]
  0x0000016e2a27ec30 ConcurrentGCThread "G1 Conc#0" [stack: 0x0000005d56200000,0x0000005d56300000] [id=8468]
  0x0000016e438000a0 ConcurrentGCThread "G1 Refine#0" [stack: 0x0000005d56300000,0x0000005d56400000] [id=4840]
  0x0000016e43802ad0 ConcurrentGCThread "G1 Service" [stack: 0x0000005d56400000,0x0000005d56500000] [id=7144]

Threads with active compile tasks:
C2 CompilerThread0      188  112 %     4       java.util.zip.ZipFile$Source::initCEN @ 240 (591 bytes)

VM state: not at safepoint (normal execution)

VM Mutex/Monitor currently owned by a thread: None

Heap address: 0x0000000081800000, size: 2024 MB, Compressed Oops mode: 32-bit

CDS archive(s) not mapped
Compressed class space mapped at: 0x0000000100000000-0x0000000140000000, reserved size: 1073741824
Narrow klass base: 0x0000000000000000, Narrow klass shift: 3, Narrow klass range: 0x140000000

GC Precious Log:
 CPUs: 4 total, 4 available
 Memory: 8092M
 Large Page Support: Disabled
 NUMA Support: Disabled
 Compressed Oops: Enabled (32-bit)
 Heap Region Size: 1M
 Heap Min Capacity: 8M
 Heap Initial Capacity: 128M
 Heap Max Capacity: 2024M
 Pre-touch: Disabled
 Parallel Workers: 4
 Concurrent Workers: 1
 Concurrent Refinement Workers: 4
 Periodic GC: Disabled

Heap:
 garbage-first heap   total 131072K, used 14336K [0x0000000081800000, 0x0000000100000000)
  region size 1024K, 2 young (2048K), 0 survivors (0K)
 Metaspace       used 5384K, committed 5504K, reserved 1056768K
  class space    used 453K, committed 512K, reserved 1048576K

Heap Regions: E=young(eden), S=young(survivor), O=old, HS=humongous(starts), HC=humongous(continues), CS=collection set, F=free, OA=open archive, CA=closed archive, TAMS=top-at-mark-start (previous, next)
|   0|0x0000000081800000, 0x0000000081900000, 0x0000000081900000|100%|HS|  |TAMS 0x0000000081800000, 0x0000000081800000| Complete 
|   1|0x0000000081900000, 0x0000000081a00000, 0x0000000081a00000|100%|HC|  |TAMS 0x0000000081900000, 0x0000000081900000| Complete 
|   2|0x0000000081a00000, 0x0000000081b00000, 0x0000000081b00000|100%|HC|  |TAMS 0x0000000081a00000, 0x0000000081a00000| Complete 
|   3|0x0000000081b00000, 0x0000000081c00000, 0x0000000081c00000|100%|HC|  |TAMS 0x0000000081b00000, 0x0000000081b00000| Complete 
|   4|0x0000000081c00000, 0x0000000081d00000, 0x0000000081d00000|100%|HC|  |TAMS 0x0000000081c00000, 0x0000000081c00000| Complete 
|   5|0x0000000081d00000, 0x0000000081e00000, 0x0000000081e00000|100%|HC|  |TAMS 0x0000000081d00000, 0x0000000081d00000| Complete 
|   6|0x0000000081e00000, 0x0000000081f00000, 0x0000000081f00000|100%|HC|  |TAMS 0x0000000081e00000, 0x0000000081e00000| Complete 
|   7|0x0000000081f00000, 0x0000000082000000, 0x0000000082000000|100%|HC|  |TAMS 0x0000000081f00000, 0x0000000081f00000| Complete 
|   8|0x0000000082000000, 0x0000000082100000, 0x0000000082100000|100%|HC|  |TAMS 0x0000000082000000, 0x0000000082000000| Complete 
|   9|0x0000000082100000, 0x0000000082200000, 0x0000000082200000|100%|HC|  |TAMS 0x0000000082100000, 0x0000000082100000| Complete 
|  10|0x0000000082200000, 0x0000000082300000, 0x0000000082300000|100%|HC|  |TAMS 0x0000000082200000, 0x0000000082200000| Complete 
|  11|0x0000000082300000, 0x0000000082400000, 0x0000000082400000|100%|HS|  |TAMS 0x0000000082300000, 0x0000000082300000| Complete 
|  12|0x0000000082400000, 0x0000000082500000, 0x0000000082500000|100%|HC|  |TAMS 0x0000000082400000, 0x0000000082400000| Complete 
|  13|0x0000000082500000, 0x0000000082500000, 0x0000000082600000|  0%| F|  |TAMS 0x0000000082500000, 0x0000000082500000| Untracked 
|  14|0x0000000082600000, 0x0000000082600000, 0x0000000082700000|  0%| F|  |TAMS 0x0000000082600000, 0x0000000082600000| Untracked 
|  15|0x0000000082700000, 0x0000000082700000, 0x0000000082800000|  0%| F|  |TAMS 0x0000000082700000, 0x0000000082700000| Untracked 
|  16|0x0000000082800000, 0x0000000082800000, 0x0000000082900000|  0%| F|  |TAMS 0x0000000082800000, 0x0000000082800000| Untracked 
|  17|0x0000000082900000, 0x0000000082900000, 0x0000000082a00000|  0%| F|  |TAMS 0x0000000082900000, 0x0000000082900000| Untracked 
|  18|0x0000000082a00000, 0x0000000082a00000, 0x0000000082b00000|  0%| F|  |TAMS 0x0000000082a00000, 0x0000000082a00000| Untracked 
|  19|0x0000000082b00000, 0x0000000082b00000, 0x0000000082c00000|  0%| F|  |TAMS 0x0000000082b00000, 0x0000000082b00000| Untracked 
|  20|0x0000000082c00000, 0x0000000082c00000, 0x0000000082d00000|  0%| F|  |TAMS 0x0000000082c00000, 0x0000000082c00000| Untracked 
|  21|0x0000000082d00000, 0x0000000082d00000, 0x0000000082e00000|  0%| F|  |TAMS 0x0000000082d00000, 0x0000000082d00000| Untracked 
|  22|0x0000000082e00000, 0x0000000082e00000, 0x0000000082f00000|  0%| F|  |TAMS 0x0000000082e00000, 0x0000000082e00000| Untracked 
|  23|0x0000000082f00000, 0x0000000082f00000, 0x0000000083000000|  0%| F|  |TAMS 0x0000000082f00000, 0x0000000082f00000| Untracked 
|  24|0x0000000083000000, 0x0000000083000000, 0x0000000083100000|  0%| F|  |TAMS 0x0000000083000000, 0x0000000083000000| Untracked 
|  25|0x0000000083100000, 0x0000000083100000, 0x0000000083200000|  0%| F|  |TAMS 0x0000000083100000, 0x0000000083100000| Untracked 
|  26|0x0000000083200000, 0x0000000083200000, 0x0000000083300000|  0%| F|  |TAMS 0x0000000083200000, 0x0000000083200000| Untracked 
|  27|0x0000000083300000, 0x0000000083300000, 0x0000000083400000|  0%| F|  |TAMS 0x0000000083300000, 0x0000000083300000| Untracked 
|  28|0x0000000083400000, 0x0000000083400000, 0x0000000083500000|  0%| F|  |TAMS 0x0000000083400000, 0x0000000083400000| Untracked 
|  29|0x0000000083500000, 0x0000000083500000, 0x0000000083600000|  0%| F|  |TAMS 0x0000000083500000, 0x0000000083500000| Untracked 
|  30|0x0000000083600000, 0x0000000083600000, 0x0000000083700000|  0%| F|  |TAMS 0x0000000083600000, 0x0000000083600000| Untracked 
|  31|0x0000000083700000, 0x0000000083700000, 0x0000000083800000|  0%| F|  |TAMS 0x0000000083700000, 0x0000000083700000| Untracked 
|  32|0x0000000083800000, 0x0000000083800000, 0x0000000083900000|  0%| F|  |TAMS 0x0000000083800000, 0x0000000083800000| Untracked 
|  33|0x0000000083900000, 0x0000000083900000, 0x0000000083a00000|  0%| F|  |TAMS 0x0000000083900000, 0x0000000083900000| Untracked 
|  34|0x0000000083a00000, 0x0000000083a00000, 0x0000000083b00000|  0%| F|  |TAMS 0x0000000083a00000, 0x0000000083a00000| Untracked 
|  35|0x0000000083b00000, 0x0000000083b00000, 0x0000000083c00000|  0%| F|  |TAMS 0x0000000083b00000, 0x0000000083b00000| Untracked 
|  36|0x0000000083c00000, 0x0000000083c00000, 0x0000000083d00000|  0%| F|  |TAMS 0x0000000083c00000, 0x0000000083c00000| Untracked 
|  37|0x0000000083d00000, 0x0000000083d00000, 0x0000000083e00000|  0%| F|  |TAMS 0x0000000083d00000, 0x0000000083d00000| Untracked 
|  38|0x0000000083e00000, 0x0000000083e00000, 0x0000000083f00000|  0%| F|  |TAMS 0x0000000083e00000, 0x0000000083e00000| Untracked 
|  39|0x0000000083f00000, 0x0000000083f00000, 0x0000000084000000|  0%| F|  |TAMS 0x0000000083f00000, 0x0000000083f00000| Untracked 
|  40|0x0000000084000000, 0x0000000084000000, 0x0000000084100000|  0%| F|  |TAMS 0x0000000084000000, 0x0000000084000000| Untracked 
|  41|0x0000000084100000, 0x0000000084100000, 0x0000000084200000|  0%| F|  |TAMS 0x0000000084100000, 0x0000000084100000| Untracked 
|  42|0x0000000084200000, 0x0000000084200000, 0x0000000084300000|  0%| F|  |TAMS 0x0000000084200000, 0x0000000084200000| Untracked 
|  43|0x0000000084300000, 0x0000000084300000, 0x0000000084400000|  0%| F|  |TAMS 0x0000000084300000, 0x0000000084300000| Untracked 
|  44|0x0000000084400000, 0x0000000084400000, 0x0000000084500000|  0%| F|  |TAMS 0x0000000084400000, 0x0000000084400000| Untracked 
|  45|0x0000000084500000, 0x0000000084500000, 0x0000000084600000|  0%| F|  |TAMS 0x0000000084500000, 0x0000000084500000| Untracked 
|  46|0x0000000084600000, 0x0000000084600000, 0x0000000084700000|  0%| F|  |TAMS 0x0000000084600000, 0x0000000084600000| Untracked 
|  47|0x0000000084700000, 0x0000000084700000, 0x0000000084800000|  0%| F|  |TAMS 0x0000000084700000, 0x0000000084700000| Untracked 
|  48|0x0000000084800000, 0x0000000084800000, 0x0000000084900000|  0%| F|  |TAMS 0x0000000084800000, 0x0000000084800000| Untracked 
|  49|0x0000000084900000, 0x0000000084900000, 0x0000000084a00000|  0%| F|  |TAMS 0x0000000084900000, 0x0000000084900000| Untracked 
|  50|0x0000000084a00000, 0x0000000084a00000, 0x0000000084b00000|  0%| F|  |TAMS 0x0000000084a00000, 0x0000000084a00000| Untracked 
|  51|0x0000000084b00000, 0x0000000084b00000, 0x0000000084c00000|  0%| F|  |TAMS 0x0000000084b00000, 0x0000000084b00000| Untracked 
|  52|0x0000000084c00000, 0x0000000084c00000, 0x0000000084d00000|  0%| F|  |TAMS 0x0000000084c00000, 0x0000000084c00000| Untracked 
|  53|0x0000000084d00000, 0x0000000084d00000, 0x0000000084e00000|  0%| F|  |TAMS 0x0000000084d00000, 0x0000000084d00000| Untracked 
|  54|0x0000000084e00000, 0x0000000084e00000, 0x0000000084f00000|  0%| F|  |TAMS 0x0000000084e00000, 0x0000000084e00000| Untracked 
|  55|0x0000000084f00000, 0x0000000084f00000, 0x0000000085000000|  0%| F|  |TAMS 0x0000000084f00000, 0x0000000084f00000| Untracked 
|  56|0x0000000085000000, 0x0000000085000000, 0x0000000085100000|  0%| F|  |TAMS 0x0000000085000000, 0x0000000085000000| Untracked 
|  57|0x0000000085100000, 0x0000000085100000, 0x0000000085200000|  0%| F|  |TAMS 0x0000000085100000, 0x0000000085100000| Untracked 
|  58|0x0000000085200000, 0x0000000085200000, 0x0000000085300000|  0%| F|  |TAMS 0x0000000085200000, 0x0000000085200000| Untracked 
|  59|0x0000000085300000, 0x0000000085300000, 0x0000000085400000|  0%| F|  |TAMS 0x0000000085300000, 0x0000000085300000| Untracked 
|  60|0x0000000085400000, 0x0000000085400000, 0x0000000085500000|  0%| F|  |TAMS 0x0000000085400000, 0x0000000085400000| Untracked 
|  61|0x0000000085500000, 0x0000000085500000, 0x0000000085600000|  0%| F|  |TAMS 0x0000000085500000, 0x0000000085500000| Untracked 
|  62|0x0000000085600000, 0x0000000085600000, 0x0000000085700000|  0%| F|  |TAMS 0x0000000085600000, 0x0000000085600000| Untracked 
|  63|0x0000000085700000, 0x0000000085700000, 0x0000000085800000|  0%| F|  |TAMS 0x0000000085700000, 0x0000000085700000| Untracked 
|  64|0x0000000085800000, 0x0000000085800000, 0x0000000085900000|  0%| F|  |TAMS 0x0000000085800000, 0x0000000085800000| Untracked 
|  65|0x0000000085900000, 0x0000000085900000, 0x0000000085a00000|  0%| F|  |TAMS 0x0000000085900000, 0x0000000085900000| Untracked 
|  66|0x0000000085a00000, 0x0000000085a00000, 0x0000000085b00000|  0%| F|  |TAMS 0x0000000085a00000, 0x0000000085a00000| Untracked 
|  67|0x0000000085b00000, 0x0000000085b00000, 0x0000000085c00000|  0%| F|  |TAMS 0x0000000085b00000, 0x0000000085b00000| Untracked 
|  68|0x0000000085c00000, 0x0000000085c00000, 0x0000000085d00000|  0%| F|  |TAMS 0x0000000085c00000, 0x0000000085c00000| Untracked 
|  69|0x0000000085d00000, 0x0000000085d00000, 0x0000000085e00000|  0%| F|  |TAMS 0x0000000085d00000, 0x0000000085d00000| Untracked 
|  70|0x0000000085e00000, 0x0000000085e00000, 0x0000000085f00000|  0%| F|  |TAMS 0x0000000085e00000, 0x0000000085e00000| Untracked 
|  71|0x0000000085f00000, 0x0000000085f00000, 0x0000000086000000|  0%| F|  |TAMS 0x0000000085f00000, 0x0000000085f00000| Untracked 
|  72|0x0000000086000000, 0x0000000086000000, 0x0000000086100000|  0%| F|  |TAMS 0x0000000086000000, 0x0000000086000000| Untracked 
|  73|0x0000000086100000, 0x0000000086100000, 0x0000000086200000|  0%| F|  |TAMS 0x0000000086100000, 0x0000000086100000| Untracked 
|  74|0x0000000086200000, 0x0000000086200000, 0x0000000086300000|  0%| F|  |TAMS 0x0000000086200000, 0x0000000086200000| Untracked 
|  75|0x0000000086300000, 0x0000000086300000, 0x0000000086400000|  0%| F|  |TAMS 0x0000000086300000, 0x0000000086300000| Untracked 
|  76|0x0000000086400000, 0x0000000086400000, 0x0000000086500000|  0%| F|  |TAMS 0x0000000086400000, 0x0000000086400000| Untracked 
|  77|0x0000000086500000, 0x0000000086500000, 0x0000000086600000|  0%| F|  |TAMS 0x0000000086500000, 0x0000000086500000| Untracked 
|  78|0x0000000086600000, 0x0000000086600000, 0x0000000086700000|  0%| F|  |TAMS 0x0000000086600000, 0x0000000086600000| Untracked 
|  79|0x0000000086700000, 0x0000000086700000, 0x0000000086800000|  0%| F|  |TAMS 0x0000000086700000, 0x0000000086700000| Untracked 
|  80|0x0000000086800000, 0x0000000086800000, 0x0000000086900000|  0%| F|  |TAMS 0x0000000086800000, 0x0000000086800000| Untracked 
|  81|0x0000000086900000, 0x0000000086900000, 0x0000000086a00000|  0%| F|  |TAMS 0x0000000086900000, 0x0000000086900000| Untracked 
|  82|0x0000000086a00000, 0x0000000086a00000, 0x0000000086b00000|  0%| F|  |TAMS 0x0000000086a00000, 0x0000000086a00000| Untracked 
|  83|0x0000000086b00000, 0x0000000086b00000, 0x0000000086c00000|  0%| F|  |TAMS 0x0000000086b00000, 0x0000000086b00000| Untracked 
|  84|0x0000000086c00000, 0x0000000086c00000, 0x0000000086d00000|  0%| F|  |TAMS 0x0000000086c00000, 0x0000000086c00000| Untracked 
|  85|0x0000000086d00000, 0x0000000086d00000, 0x0000000086e00000|  0%| F|  |TAMS 0x0000000086d00000, 0x0000000086d00000| Untracked 
|  86|0x0000000086e00000, 0x0000000086e00000, 0x0000000086f00000|  0%| F|  |TAMS 0x0000000086e00000, 0x0000000086e00000| Untracked 
|  87|0x0000000086f00000, 0x0000000086f00000, 0x0000000087000000|  0%| F|  |TAMS 0x0000000086f00000, 0x0000000086f00000| Untracked 
|  88|0x0000000087000000, 0x0000000087000000, 0x0000000087100000|  0%| F|  |TAMS 0x0000000087000000, 0x0000000087000000| Untracked 
|  89|0x0000000087100000, 0x0000000087100000, 0x0000000087200000|  0%| F|  |TAMS 0x0000000087100000, 0x0000000087100000| Untracked 
|  90|0x0000000087200000, 0x0000000087200000, 0x0000000087300000|  0%| F|  |TAMS 0x0000000087200000, 0x0000000087200000| Untracked 
|  91|0x0000000087300000, 0x0000000087300000, 0x0000000087400000|  0%| F|  |TAMS 0x0000000087300000, 0x0000000087300000| Untracked 
|  92|0x0000000087400000, 0x0000000087400000, 0x0000000087500000|  0%| F|  |TAMS 0x0000000087400000, 0x0000000087400000| Untracked 
|  93|0x0000000087500000, 0x0000000087500000, 0x0000000087600000|  0%| F|  |TAMS 0x0000000087500000, 0x0000000087500000| Untracked 
|  94|0x0000000087600000, 0x0000000087600000, 0x0000000087700000|  0%| F|  |TAMS 0x0000000087600000, 0x0000000087600000| Untracked 
|  95|0x0000000087700000, 0x0000000087700000, 0x0000000087800000|  0%| F|  |TAMS 0x0000000087700000, 0x0000000087700000| Untracked 
|  96|0x0000000087800000, 0x0000000087800000, 0x0000000087900000|  0%| F|  |TAMS 0x0000000087800000, 0x0000000087800000| Untracked 
|  97|0x0000000087900000, 0x0000000087900000, 0x0000000087a00000|  0%| F|  |TAMS 0x0000000087900000, 0x0000000087900000| Untracked 
|  98|0x0000000087a00000, 0x0000000087a00000, 0x0000000087b00000|  0%| F|  |TAMS 0x0000000087a00000, 0x0000000087a00000| Untracked 
|  99|0x0000000087b00000, 0x0000000087b00000, 0x0000000087c00000|  0%| F|  |TAMS 0x0000000087b00000, 0x0000000087b00000| Untracked 
| 100|0x0000000087c00000, 0x0000000087c00000, 0x0000000087d00000|  0%| F|  |TAMS 0x0000000087c00000, 0x0000000087c00000| Untracked 
| 101|0x0000000087d00000, 0x0000000087d00000, 0x0000000087e00000|  0%| F|  |TAMS 0x0000000087d00000, 0x0000000087d00000| Untracked 
| 102|0x0000000087e00000, 0x0000000087e00000, 0x0000000087f00000|  0%| F|  |TAMS 0x0000000087e00000, 0x0000000087e00000| Untracked 
| 103|0x0000000087f00000, 0x0000000087f00000, 0x0000000088000000|  0%| F|  |TAMS 0x0000000087f00000, 0x0000000087f00000| Untracked 
| 104|0x0000000088000000, 0x0000000088000000, 0x0000000088100000|  0%| F|  |TAMS 0x0000000088000000, 0x0000000088000000| Untracked 
| 105|0x0000000088100000, 0x0000000088100000, 0x0000000088200000|  0%| F|  |TAMS 0x0000000088100000, 0x0000000088100000| Untracked 
| 106|0x0000000088200000, 0x0000000088200000, 0x0000000088300000|  0%| F|  |TAMS 0x0000000088200000, 0x0000000088200000| Untracked 
| 107|0x0000000088300000, 0x0000000088300000, 0x0000000088400000|  0%| F|  |TAMS 0x0000000088300000, 0x0000000088300000| Untracked 
| 108|0x0000000088400000, 0x0000000088400000, 0x0000000088500000|  0%| F|  |TAMS 0x0000000088400000, 0x0000000088400000| Untracked 
| 109|0x0000000088500000, 0x0000000088500000, 0x0000000088600000|  0%| F|  |TAMS 0x0000000088500000, 0x0000000088500000| Untracked 
| 110|0x0000000088600000, 0x0000000088600000, 0x0000000088700000|  0%| F|  |TAMS 0x0000000088600000, 0x0000000088600000| Untracked 
| 111|0x0000000088700000, 0x0000000088700000, 0x0000000088800000|  0%| F|  |TAMS 0x0000000088700000, 0x0000000088700000| Untracked 
| 112|0x0000000088800000, 0x0000000088800000, 0x0000000088900000|  0%| F|  |TAMS 0x0000000088800000, 0x0000000088800000| Untracked 
| 113|0x0000000088900000, 0x0000000088900000, 0x0000000088a00000|  0%| F|  |TAMS 0x0000000088900000, 0x0000000088900000| Untracked 
| 114|0x0000000088a00000, 0x0000000088a00000, 0x0000000088b00000|  0%| F|  |TAMS 0x0000000088a00000, 0x0000000088a00000| Untracked 
| 115|0x0000000088b00000, 0x0000000088b00000, 0x0000000088c00000|  0%| F|  |TAMS 0x0000000088b00000, 0x0000000088b00000| Untracked 
| 116|0x0000000088c00000, 0x0000000088c00000, 0x0000000088d00000|  0%| F|  |TAMS 0x0000000088c00000, 0x0000000088c00000| Untracked 
| 117|0x0000000088d00000, 0x0000000088d00000, 0x0000000088e00000|  0%| F|  |TAMS 0x0000000088d00000, 0x0000000088d00000| Untracked 
| 118|0x0000000088e00000, 0x0000000088e00000, 0x0000000088f00000|  0%| F|  |TAMS 0x0000000088e00000, 0x0000000088e00000| Untracked 
| 119|0x0000000088f00000, 0x0000000088f00000, 0x0000000089000000|  0%| F|  |TAMS 0x0000000088f00000, 0x0000000088f00000| Untracked 
| 120|0x0000000089000000, 0x0000000089000000, 0x0000000089100000|  0%| F|  |TAMS 0x0000000089000000, 0x0000000089000000| Untracked 
| 121|0x0000000089100000, 0x0000000089100000, 0x0000000089200000|  0%| F|  |TAMS 0x0000000089100000, 0x0000000089100000| Untracked 
| 122|0x0000000089200000, 0x0000000089200000, 0x0000000089300000|  0%| F|  |TAMS 0x0000000089200000, 0x0000000089200000| Untracked 
| 123|0x0000000089300000, 0x0000000089300000, 0x0000000089400000|  0%| F|  |TAMS 0x0000000089300000, 0x0000000089300000| Untracked 
| 124|0x0000000089400000, 0x0000000089400000, 0x0000000089500000|  0%| F|  |TAMS 0x0000000089400000, 0x0000000089400000| Untracked 
| 125|0x0000000089500000, 0x0000000089500000, 0x0000000089600000|  0%| F|  |TAMS 0x0000000089500000, 0x0000000089500000| Untracked 
| 126|0x0000000089600000, 0x00000000896789a0, 0x0000000089700000| 47%| E|  |TAMS 0x0000000089600000, 0x0000000089600000| Complete 
| 127|0x0000000089700000, 0x0000000089800000, 0x0000000089800000|100%| E|CS|TAMS 0x0000000089700000, 0x0000000089700000| Complete 

Card table byte_map: [0x0000016e3cd70000,0x0000016e3d170000] _byte_map_base: 0x0000016e3c964000

Marking Bits (Prev, Next): (CMBitMap*) 0x0000016e2a26dbf0, (CMBitMap*) 0x0000016e2a26dc30
 Prev Bits: [0x0000016e3d570000, 0x0000016e3f510000)
 Next Bits: [0x0000016e3f510000, 0x0000016e414b0000)

Polling page: 0x0000016e27ff0000

Metaspace:

Usage:
  Non-class:      4.85 MB used.
      Class:    456.02 KB used.
       Both:      5.30 MB used.

Virtual space:
  Non-class space:        8.00 MB reserved,       4.94 MB ( 62%) committed,  1 nodes.
      Class space:        1.00 GB reserved,     512.00 KB ( <1%) committed,  1 nodes.
             Both:        1.01 GB reserved,       5.44 MB ( <1%) committed. 

Chunk freelists:
   Non-Class:  2.99 MB
       Class:  3.52 MB
        Both:  6.51 MB

MaxMetaspaceSize: unlimited
CompressedClassSpaceSize: 1.00 GB
Initial GC threshold: 21.00 MB
Current GC threshold: 21.00 MB
CDS: off
MetaspaceReclaimPolicy: balanced
 - commit_granule_bytes: 65536.
 - commit_granule_words: 8192.
 - virtual_space_node_default_size: 1048576.
 - enlarge_chunks_in_place: 1.
 - new_chunks_are_fully_committed: 0.
 - uncommit_free_chunks: 1.
 - use_allocation_guard: 0.
 - handle_deallocations: 1.


Internal statistics:

num_allocs_failed_limit: 0.
num_arena_births: 4.
num_arena_deaths: 0.
num_vsnodes_births: 2.
num_vsnodes_deaths: 0.
num_space_committed: 87.
num_space_uncommitted: 0.
num_chunks_returned_to_freelist: 0.
num_chunks_taken_from_freelist: 12.
num_chunk_merges: 0.
num_chunk_splits: 4.
num_chunks_enlarged: 1.
num_purges: 0.
num_inconsistent_stats: 0.

CodeHeap 'non-profiled nmethods': size=120000Kb used=28Kb max_used=28Kb free=119971Kb
 bounds [0x0000016e35440000, 0x0000016e356b0000, 0x0000016e3c970000]
CodeHeap 'profiled nmethods': size=120000Kb used=202Kb max_used=202Kb free=119797Kb
 bounds [0x0000016e2df10000, 0x0000016e2e180000, 0x0000016e35440000]
CodeHeap 'non-nmethods': size=5760Kb used=1072Kb max_used=1072Kb free=4687Kb
 bounds [0x0000016e2d970000, 0x0000016e2dbe0000, 0x0000016e2df10000]
 total_blobs=465 nmethods=126 adapters=252
 compilation: enabled
              stopped_count=0, restarted_count=0
 full_count=0

Compilation events (20 events):
Event: 0.169 Thread 0x0000016e4443da90  113       3       java.lang.String::<init> (15 bytes)
Event: 0.169 Thread 0x0000016e4443da90 nmethod 113 0x0000016e2df3d990 code [0x0000016e2df3db20, 0x0000016e2df3dcd8]
Event: 0.170 Thread 0x0000016e4443da90  114       3       java.util.HashMap::put (13 bytes)
Event: 0.170 Thread 0x0000016e4443da90 nmethod 114 0x0000016e2df3dd90 code [0x0000016e2df3df40, 0x0000016e2df3e238]
Event: 0.170 Thread 0x0000016e4443da90  115       3       java.util.Arrays::copyOfRange (64 bytes)
Event: 0.171 Thread 0x0000016e4443da90 nmethod 115 0x0000016e2df3e390 code [0x0000016e2df3e600, 0x0000016e2df3eef8]
Event: 0.171 Thread 0x0000016e4443da90  116       3       java.lang.StringLatin1::newString (24 bytes)
Event: 0.171 Thread 0x0000016e4443da90 nmethod 116 0x0000016e2df3f290 code [0x0000016e2df3f460, 0x0000016e2df3f788]
Event: 0.171 Thread 0x0000016e4443da90  117       3       java.util.TreeMap::put (221 bytes)
Event: 0.172 Thread 0x0000016e4443da90 nmethod 117 0x0000016e2df3f890 code [0x0000016e2df3fae0, 0x0000016e2df406c8]
Event: 0.172 Thread 0x0000016e4443da90  118       3       java.lang.CharacterData::of (136 bytes)
Event: 0.172 Thread 0x0000016e4443da90 nmethod 118 0x0000016e2df40a10 code [0x0000016e2df40c40, 0x0000016e2df415d8]
Event: 0.172 Thread 0x0000016e4443da90  119       3       java.lang.CharacterDataLatin1::toUpperCase (53 bytes)
Event: 0.172 Thread 0x0000016e4443da90 nmethod 119 0x0000016e2df41810 code [0x0000016e2df419c0, 0x0000016e2df41c58]
Event: 0.172 Thread 0x0000016e4443da90  120       3       java.lang.Character::toUpperCase (6 bytes)
Event: 0.172 Thread 0x0000016e4443da90 nmethod 120 0x0000016e2df41d90 code [0x0000016e2df41f40, 0x0000016e2df42198]
Event: 0.172 Thread 0x0000016e4443da90  121       3       java.lang.Character::toUpperCase (9 bytes)
Event: 0.172 Thread 0x0000016e4443da90 nmethod 121 0x0000016e2df42290 code [0x0000016e2df42440, 0x0000016e2df42638]
Event: 0.172 Thread 0x0000016e4443da90  122       3       java.util.TreeMap::parentOf (13 bytes)
Event: 0.172 Thread 0x0000016e4443da90 nmethod 122 0x0000016e2df42710 code [0x0000016e2df428a0, 0x0000016e2df42a18]

GC Heap History (0 events):
No events

Deoptimization events (20 events):
Event: 0.141 Thread 0x0000016e2a210d50 DEOPT PACKING pc=0x0000016e2df2998c sp=0x0000005d55ffa100
Event: 0.141 Thread 0x0000016e2a210d50 DEOPT UNPACKING pc=0x0000016e2d9c2b43 sp=0x0000005d55ff9590 mode 0
Event: 0.141 Thread 0x0000016e2a210d50 DEOPT PACKING pc=0x0000016e2df2998c sp=0x0000005d55ffa100
Event: 0.141 Thread 0x0000016e2a210d50 DEOPT UNPACKING pc=0x0000016e2d9c2b43 sp=0x0000005d55ff9590 mode 0
Event: 0.141 Thread 0x0000016e2a210d50 DEOPT PACKING pc=0x0000016e2df2998c sp=0x0000005d55ffa100
Event: 0.141 Thread 0x0000016e2a210d50 DEOPT UNPACKING pc=0x0000016e2d9c2b43 sp=0x0000005d55ff9590 mode 0
Event: 0.141 Thread 0x0000016e2a210d50 DEOPT PACKING pc=0x0000016e2df2998c sp=0x0000005d55ffa100
Event: 0.141 Thread 0x0000016e2a210d50 DEOPT UNPACKING pc=0x0000016e2d9c2b43 sp=0x0000005d55ff9590 mode 0
Event: 0.141 Thread 0x0000016e2a210d50 DEOPT PACKING pc=0x0000016e2df2998c sp=0x0000005d55ffa100
Event: 0.141 Thread 0x0000016e2a210d50 DEOPT UNPACKING pc=0x0000016e2d9c2b43 sp=0x0000005d55ff9590 mode 0
Event: 0.141 Thread 0x0000016e2a210d50 DEOPT PACKING pc=0x0000016e2df2998c sp=0x0000005d55ffa100
Event: 0.141 Thread 0x0000016e2a210d50 DEOPT UNPACKING pc=0x0000016e2d9c2b43 sp=0x0000005d55ff9590 mode 0
Event: 0.141 Thread 0x0000016e2a210d50 DEOPT PACKING pc=0x0000016e2df2998c sp=0x0000005d55ffa100
Event: 0.141 Thread 0x0000016e2a210d50 DEOPT UNPACKING pc=0x0000016e2d9c2b43 sp=0x0000005d55ff9590 mode 0
Event: 0.141 Thread 0x0000016e2a210d50 DEOPT PACKING pc=0x0000016e2df2998c sp=0x0000005d55ffa100
Event: 0.141 Thread 0x0000016e2a210d50 DEOPT UNPACKING pc=0x0000016e2d9c2b43 sp=0x0000005d55ff9590 mode 0
Event: 0.141 Thread 0x0000016e2a210d50 DEOPT PACKING pc=0x0000016e2df2998c sp=0x0000005d55ffa100
Event: 0.141 Thread 0x0000016e2a210d50 DEOPT UNPACKING pc=0x0000016e2d9c2b43 sp=0x0000005d55ff9590 mode 0
Event: 0.141 Thread 0x0000016e2a210d50 DEOPT PACKING pc=0x0000016e2df2998c sp=0x0000005d55ffa100
Event: 0.141 Thread 0x0000016e2a210d50 DEOPT UNPACKING pc=0x0000016e2d9c2b43 sp=0x0000005d55ff9590 mode 0

Classes unloaded (0 events):
No events

Classes redefined (0 events):
No events

Internal exceptions (0 events):
No events

VM Operations (4 events):
Event: 0.169 Executing VM operation: HandshakeAllThreads
Event: 0.169 Executing VM operation: HandshakeAllThreads done
Event: 0.169 Executing VM operation: HandshakeAllThreads
Event: 0.169 Executing VM operation: HandshakeAllThreads done

Events (20 events):
Event: 0.170 loading class java/lang/ProcessEnvironment$CheckedEntrySet done
Event: 0.170 loading class java/lang/ProcessEnvironment$CheckedEntrySet$1
Event: 0.171 loading class java/lang/ProcessEnvironment$CheckedEntrySet$1 done
Event: 0.171 loading class java/lang/ProcessEnvironment$CheckedEntry
Event: 0.171 loading class java/lang/ProcessEnvironment$CheckedEntry done
Event: 0.173 loading class java/lang/invoke/MethodType$ConcurrentWeakInternSet
Event: 0.173 loading class java/lang/invoke/MethodType$ConcurrentWeakInternSet done
Event: 0.173 loading class java/lang/invoke/MethodTypeForm
Event: 0.173 loading class java/lang/invoke/MethodTypeForm done
Event: 0.173 loading class java/lang/invoke/MethodType$ConcurrentWeakInternSet$WeakEntry
Event: 0.173 loading class java/lang/invoke/MethodType$ConcurrentWeakInternSet$WeakEntry done
Event: 0.174 loading class sun/invoke/util/Wrapper
Event: 0.174 loading class sun/invoke/util/Wrapper done
Event: 0.174 loading class sun/invoke/util/Wrapper$Format
Event: 0.174 loading class sun/invoke/util/Wrapper$Format done
Event: 0.175 loading class java/lang/invoke/LambdaForm$NamedFunction
Event: 0.175 loading class java/lang/invoke/LambdaForm$NamedFunction done
Event: 0.175 loading class java/lang/invoke/DirectMethodHandle$Holder
Event: 0.175 loading class java/lang/invoke/DirectMethodHandle$Holder done
Event: 0.175 loading class sun/invoke/util/ValueConversions


Dynamic libraries:
0x00007ff60aae0000 - 0x00007ff60aaea000 	C:\Program Files\JetBrains\IntelliJ IDEA 2022.2.3\jbr\bin\java.exe
0x00007ffdef460000 - 0x00007ffdef667000 	C:\Windows\SYSTEM32\ntdll.dll
0x00007ffdedf80000 - 0x00007ffdee03d000 	C:\Windows\System32\KERNEL32.DLL
0x00007ffdecde0000 - 0x00007ffded154000 	C:\Windows\System32\KERNELBASE.dll
0x00007ffdecaf0000 - 0x00007ffdecc01000 	C:\Windows\System32\ucrtbase.dll
0x00007ffdc37b0000 - 0x00007ffdc37c7000 	C:\Program Files\JetBrains\IntelliJ IDEA 2022.2.3\jbr\bin\jli.dll
0x00007ffded300000 - 0x00007ffded4ac000 	C:\Windows\System32\USER32.dll
0x00007ffdec950000 - 0x00007ffdec976000 	C:\Windows\System32\win32u.dll
0x00007ffdeef50000 - 0x00007ffdeef79000 	C:\Windows\System32\GDI32.dll
0x00007ffded160000 - 0x00007ffded272000 	C:\Windows\System32\gdi32full.dll
0x00007ffdeccd0000 - 0x00007ffdecd6d000 	C:\Windows\System32\msvcp_win.dll
0x00007ffde45b0000 - 0x00007ffde4855000 	C:\Windows\WinSxS\amd64_microsoft.windows.common-controls_6595b64144ccf1df_6.0.22000.120_none_9d947278b86cc467\COMCTL32.dll
0x00007ffdeefe0000 - 0x00007ffdef083000 	C:\Windows\System32\msvcrt.dll
0x00007ffdc33b0000 - 0x00007ffdc33cb000 	C:\Program Files\JetBrains\IntelliJ IDEA 2022.2.3\jbr\bin\VCRUNTIME140.dll
0x00007ffdeea70000 - 0x00007ffdeeaa1000 	C:\Windows\System32\IMM32.DLL
0x00007ffdd8fc0000 - 0x00007ffdd8fcc000 	C:\Program Files\JetBrains\IntelliJ IDEA 2022.2.3\jbr\bin\vcruntime140_1.dll
0x00007ffdc0060000 - 0x00007ffdc00ed000 	C:\Program Files\JetBrains\IntelliJ IDEA 2022.2.3\jbr\bin\msvcp140.dll
0x00007ffdbe510000 - 0x00007ffdbf179000 	C:\Program Files\JetBrains\IntelliJ IDEA 2022.2.3\jbr\bin\server\jvm.dll
0x00007ffdedec0000 - 0x00007ffdedf6e000 	C:\Windows\System32\ADVAPI32.dll
0x00007ffdedac0000 - 0x00007ffdedb5e000 	C:\Windows\System32\sechost.dll
0x00007ffdee940000 - 0x00007ffdeea60000 	C:\Windows\System32\RPCRT4.dll
0x00007ffdef090000 - 0x00007ffdef098000 	C:\Windows\System32\PSAPI.DLL
0x00007ffdde060000 - 0x00007ffdde069000 	C:\Windows\SYSTEM32\WSOCK32.dll
0x00007ffdeeab0000 - 0x00007ffdeeb1f000 	C:\Windows\System32\WS2_32.dll
0x00007ffde5e70000 - 0x00007ffde5ea3000 	C:\Windows\SYSTEM32\WINMM.dll
0x00007ffde50d0000 - 0x00007ffde50da000 	C:\Windows\SYSTEM32\VERSION.dll
0x00007ffdeba50000 - 0x00007ffdeba68000 	C:\Windows\SYSTEM32\kernel.appcore.dll
0x00007ffde8800000 - 0x00007ffde880a000 	C:\Program Files\JetBrains\IntelliJ IDEA 2022.2.3\jbr\bin\jimage.dll
0x00007ffddf310000 - 0x00007ffddf531000 	C:\Windows\SYSTEM32\DBGHELP.DLL
0x00007ffdda3d0000 - 0x00007ffdda401000 	C:\Windows\SYSTEM32\dbgcore.DLL
0x00007ffded280000 - 0x00007ffded2ff000 	C:\Windows\System32\bcryptPrimitives.dll
0x00007ffde7bb0000 - 0x00007ffde7bd5000 	C:\Program Files\JetBrains\IntelliJ IDEA 2022.2.3\jbr\bin\java.dll
0x00007ffde61d0000 - 0x00007ffde61e8000 	C:\Program Files\JetBrains\IntelliJ IDEA 2022.2.3\jbr\bin\zip.dll
0x00007ffdee0a0000 - 0x00007ffdee84e000 	C:\Windows\System32\SHELL32.dll
0x00007ffdeaac0000 - 0x00007ffdeb327000 	C:\Windows\SYSTEM32\windows.storage.dll
0x00007ffdef0a0000 - 0x00007ffdef418000 	C:\Windows\System32\combase.dll
0x00007ffdea950000 - 0x00007ffdeaab6000 	C:\Windows\SYSTEM32\wintypes.dll
0x00007ffdedd20000 - 0x00007ffdede0a000 	C:\Windows\System32\SHCORE.dll
0x00007ffdeef80000 - 0x00007ffdeefdd000 	C:\Windows\System32\shlwapi.dll
0x00007ffdec880000 - 0x00007ffdec8a1000 	C:\Windows\SYSTEM32\profapi.dll
0x00007ffddf100000 - 0x00007ffddf119000 	C:\Program Files\JetBrains\IntelliJ IDEA 2022.2.3\jbr\bin\net.dll
0x00007ffde5be0000 - 0x00007ffde5cec000 	C:\Windows\SYSTEM32\WINHTTP.dll
0x00007ffdebe80000 - 0x00007ffdebee7000 	C:\Windows\system32\mswsock.dll
0x00007ffdde7c0000 - 0x00007ffdde7d6000 	C:\Program Files\JetBrains\IntelliJ IDEA 2022.2.3\jbr\bin\nio.dll

dbghelp: loaded successfully - version: 4.0.5 - missing functions: none
symbol engine: initialized successfully - sym options: 0x614 - pdb path: .;C:\Program Files\JetBrains\IntelliJ IDEA 2022.2.3\jbr\bin;C:\Windows\SYSTEM32;C:\Windows\WinSxS\amd64_microsoft.windows.common-controls_6595b64144ccf1df_6.0.22000.120_none_9d947278b86cc467;C:\Program Files\JetBrains\IntelliJ IDEA 2022.2.3\jbr\bin\server

VM Arguments:
java_command: git4idea.http.GitAskPassApp Username for 'https://github.com': 
java_class_path (initial): C:/Program Files/JetBrains/IntelliJ IDEA 2022.2.3/plugins/git4idea/lib/git4idea-rt.jar;C:/Program Files/JetBrains/IntelliJ IDEA 2022.2.3/lib/externalProcess-rt.jar;C:/Program Files/JetBrains/IntelliJ IDEA 2022.2.3/lib/app.jar;C:/Program Files/JetBrains/IntelliJ IDEA 2022.2.3/lib/3rd-party-rt.jar
Launcher Type: SUN_STANDARD

[Global flags]
     intx CICompilerCount                          = 3                                         {product} {ergonomic}
     uint ConcGCThreads                            = 1                                         {product} {ergonomic}
     uint G1ConcRefinementThreads                  = 4                                         {product} {ergonomic}
   size_t G1HeapRegionSize                         = 1048576                                   {product} {ergonomic}
    uintx GCDrainStackTargetSize                   = 64                                        {product} {ergonomic}
   size_t InitialHeapSize                          = 134217728                                 {product} {ergonomic}
   size_t MarkStackSize                            = 4194304                                   {product} {ergonomic}
   size_t MaxHeapSize                              = 2122317824                                {product} {ergonomic}
   size_t MaxNewSize                               = 1272971264                                {product} {ergonomic}
   size_t MinHeapDeltaBytes                        = 1048576                                   {product} {ergonomic}
   size_t MinHeapSize                              = 8388608                                   {product} {ergonomic}
    uintx NonNMethodCodeHeapSize                   = 5832780                                {pd product} {ergonomic}
    uintx NonProfiledCodeHeapSize                  = 122912730                              {pd product} {ergonomic}
    uintx ProfiledCodeHeapSize                     = 122912730                              {pd product} {ergonomic}
    uintx ReservedCodeCacheSize                    = 251658240                              {pd product} {ergonomic}
     bool SegmentedCodeCache                       = true                                      {product} {ergonomic}
   size_t SoftMaxHeapSize                          = 2122317824                             {manageable} {ergonomic}
     bool UseCompressedClassPointers               = true                           {product lp64_product} {ergonomic}
     bool UseCompressedOops                        = true                           {product lp64_product} {ergonomic}
     bool UseG1GC                                  = true                                      {product} {ergonomic}
     bool UseLargePagesIndividualAllocation        = false                                  {pd product} {ergonomic}

Logging:
Log output configuration:
 #0: stdout all=warning uptime,level,tags
 #1: stderr all=off uptime,level,tags

Environment Variables:
PATH=C:\Program Files\Git\mingw64\libexec\git-core;C:\Program Files\Git\mingw64\libexec\git-core;C:\Program Files\Git\mingw64\bin;C:\Program Files\Git\usr\bin;C:\Users\Daysuke\bin;C:\Program Files\Common Files\Oracle\Java\javapath;C:\Program Files (x86)\Common Files\Oracle\Java\javapath;C:\Windows\system32;C:\Windows;C:\Windows\System32\Wbem;C:\Windows\System32\WindowsPowerShell\v1.0;C:\Program Files\Git\cmd;C:\Users\Daysuke\AppData\Local\Microsoft\WindowsApps;C:\Program Files\JetBrains\IntelliJ IDEA 2022.2.3\bin
USERNAME=Daysuke
DISPLAY=:0.0
LC_ALL=en_US.UTF-8
TERM=cygwin
TMPDIR=C:\Users\Daysuke\AppData\Local\Temp
OS=Windows_NT
PROCESSOR_IDENTIFIER=Intel64 Family 6 Model 60 Stepping 3, GenuineIntel
TMP=C:\Users\Daysuke\AppData\Local\Temp
TEMP=C:\Users\Daysuke\AppData\Local\Temp



---------------  S Y S T E M  ---------------

OS:
 Windows 11 , 64 bit Build 22000 (10.0.22000.434)
OS uptime: 0 days 2:19 hours

CPU: total 4 (initial active 4) (4 cores per cpu, 1 threads per core) family 6 model 60 stepping 3 microcode 0x28, cx8, cmov, fxsr, mmx, sse, sse2, sse3, ssse3, sse4.1, sse4.2, popcnt, lzcnt, tsc, tscinvbit, avx, avx2, aes, erms, clmul, bmi1, bmi2, fma, vzeroupper, clflush

Memory: 4k page, system-wide physical 8092M (949M free)
TotalPageFile size 8092M (AvailPageFile size 5M)
current process WorkingSet (physical memory assigned to process): 46M, peak: 46M
current process commit charge ("private bytes"): 198M, peak: 198M

vm_info: OpenJDK 64-Bit Server VM (17.0.4.1+7-b469.62) for windows-amd64 JRE (17.0.4.1+7-b469.62), built on 2022-09-22 by "builduser" with MS VC++ 16.10 / 16.11 (VS2019)

END.
